<?xml version="1.0" encoding="UTF-8"?>
<!-- Generated by org.testng.reporters.JUnitReportReporter -->
<testsuite skipped="0" hostname="DESKTOP-UJR729K" name="com.cdkeys.variation.test.Cdktestcases" tests="1" failures="0" timestamp="03 Nov 2020 12:02:07 GMT" time="363.488" errors="0">
  <testcase name="variationTest" time="363.488" classname="com.cdkeys.variation.test.Cdktestcases"/>
</testsuite> <!-- com.cdkeys.variation.test.Cdktestcases -->
